2019/04/15 12:28:16 ...ivate/push_update.go:20:PushUpdate() [T] PushUpdate: http://localhost:3000/api/internal/push/update
	/go/src/code.gitea.io/gitea/modules/private/push_update.go:20 (0x111ca01)
	/go/src/code.gitea.io/gitea/cmd/hook.go:198 (0x153c255)
	/go/src/code.gitea.io/gitea/vendor/github.com/urfave/cli/app.go:471 (0x1108a2c)
	/go/src/code.gitea.io/gitea/vendor/github.com/urfave/cli/command.go:191 (0x1109b27)
	/go/src/code.gitea.io/gitea/vendor/github.com/urfave/cli/app.go:362 (0x1107804)
	/go/src/code.gitea.io/gitea/vendor/github.com/urfave/cli/command.go:278 (0x110b23c)
	/go/src/code.gitea.io/gitea/vendor/github.com/urfave/cli/command.go:79 (0x110a540)
	/go/src/code.gitea.io/gitea/vendor/github.com/urfave/cli/app.go:241 (0x1106b77)
	/go/src/code.gitea.io/gitea/main.go:60 (0x154fb05)
	/usr/local/go/src/runtime/proc.go:200 (0x436e2b)
	/usr/local/go/src/runtime/asm_amd64.s:1337 (0x464c60)
	

2019/04/15 12:28:17 ...rivate/repository.go:20:GetRepository() [T] GetRepository: http://localhost:3000/api/internal/repository/2
	/go/src/code.gitea.io/gitea/modules/private/repository.go:20 (0x111cefd)
	/go/src/code.gitea.io/gitea/cmd/hook.go:212 (0x153c308)
	/go/src/code.gitea.io/gitea/vendor/github.com/urfave/cli/app.go:471 (0x1108a2c)
	/go/src/code.gitea.io/gitea/vendor/github.com/urfave/cli/command.go:191 (0x1109b27)
	/go/src/code.gitea.io/gitea/vendor/github.com/urfave/cli/app.go:362 (0x1107804)
	/go/src/code.gitea.io/gitea/vendor/github.com/urfave/cli/command.go:278 (0x110b23c)
	/go/src/code.gitea.io/gitea/vendor/github.com/urfave/cli/command.go:79 (0x110a540)
	/go/src/code.gitea.io/gitea/vendor/github.com/urfave/cli/app.go:241 (0x1106b77)
	/go/src/code.gitea.io/gitea/main.go:60 (0x154fb05)
	/usr/local/go/src/runtime/proc.go:200 (0x436e2b)
	/usr/local/go/src/runtime/asm_amd64.s:1337 (0x464c60)
	

2019/04/15 12:35:17 ...ivate/push_update.go:20:PushUpdate() [T] PushUpdate: http://localhost:3000/api/internal/push/update
	/go/src/code.gitea.io/gitea/modules/private/push_update.go:20 (0x111ca01)
	/go/src/code.gitea.io/gitea/cmd/hook.go:198 (0x153c255)
	/go/src/code.gitea.io/gitea/vendor/github.com/urfave/cli/app.go:471 (0x1108a2c)
	/go/src/code.gitea.io/gitea/vendor/github.com/urfave/cli/command.go:191 (0x1109b27)
	/go/src/code.gitea.io/gitea/vendor/github.com/urfave/cli/app.go:362 (0x1107804)
	/go/src/code.gitea.io/gitea/vendor/github.com/urfave/cli/command.go:278 (0x110b23c)
	/go/src/code.gitea.io/gitea/vendor/github.com/urfave/cli/command.go:79 (0x110a540)
	/go/src/code.gitea.io/gitea/vendor/github.com/urfave/cli/app.go:241 (0x1106b77)
	/go/src/code.gitea.io/gitea/main.go:60 (0x154fb05)
	/usr/local/go/src/runtime/proc.go:200 (0x436e2b)
	/usr/local/go/src/runtime/asm_amd64.s:1337 (0x464c60)
	

2019/04/15 12:35:18 ...rivate/repository.go:20:GetRepository() [T] GetRepository: http://localhost:3000/api/internal/repository/2
	/go/src/code.gitea.io/gitea/modules/private/repository.go:20 (0x111cefd)
	/go/src/code.gitea.io/gitea/cmd/hook.go:212 (0x153c308)
	/go/src/code.gitea.io/gitea/vendor/github.com/urfave/cli/app.go:471 (0x1108a2c)
	/go/src/code.gitea.io/gitea/vendor/github.com/urfave/cli/command.go:191 (0x1109b27)
	/go/src/code.gitea.io/gitea/vendor/github.com/urfave/cli/app.go:362 (0x1107804)
	/go/src/code.gitea.io/gitea/vendor/github.com/urfave/cli/command.go:278 (0x110b23c)
	/go/src/code.gitea.io/gitea/vendor/github.com/urfave/cli/command.go:79 (0x110a540)
	/go/src/code.gitea.io/gitea/vendor/github.com/urfave/cli/app.go:241 (0x1106b77)
	/go/src/code.gitea.io/gitea/main.go:60 (0x154fb05)
	/usr/local/go/src/runtime/proc.go:200 (0x436e2b)
	/usr/local/go/src/runtime/asm_amd64.s:1337 (0x464c60)
	

2019/04/15 12:35:19 ...ivate/push_update.go:20:PushUpdate() [T] PushUpdate: http://localhost:3000/api/internal/push/update
	/go/src/code.gitea.io/gitea/modules/private/push_update.go:20 (0x111ca01)
	/go/src/code.gitea.io/gitea/cmd/hook.go:198 (0x153c255)
	/go/src/code.gitea.io/gitea/vendor/github.com/urfave/cli/app.go:471 (0x1108a2c)
	/go/src/code.gitea.io/gitea/vendor/github.com/urfave/cli/command.go:191 (0x1109b27)
	/go/src/code.gitea.io/gitea/vendor/github.com/urfave/cli/app.go:362 (0x1107804)
	/go/src/code.gitea.io/gitea/vendor/github.com/urfave/cli/command.go:278 (0x110b23c)
	/go/src/code.gitea.io/gitea/vendor/github.com/urfave/cli/command.go:79 (0x110a540)
	/go/src/code.gitea.io/gitea/vendor/github.com/urfave/cli/app.go:241 (0x1106b77)
	/go/src/code.gitea.io/gitea/main.go:60 (0x154fb05)
	/usr/local/go/src/runtime/proc.go:200 (0x436e2b)
	/usr/local/go/src/runtime/asm_amd64.s:1337 (0x464c60)
	

2019/04/15 12:35:21 ...ivate/push_update.go:20:PushUpdate() [T] PushUpdate: http://localhost:3000/api/internal/push/update
	/go/src/code.gitea.io/gitea/modules/private/push_update.go:20 (0x111ca01)
	/go/src/code.gitea.io/gitea/cmd/hook.go:198 (0x153c255)
	/go/src/code.gitea.io/gitea/vendor/github.com/urfave/cli/app.go:471 (0x1108a2c)
	/go/src/code.gitea.io/gitea/vendor/github.com/urfave/cli/command.go:191 (0x1109b27)
	/go/src/code.gitea.io/gitea/vendor/github.com/urfave/cli/app.go:362 (0x1107804)
	/go/src/code.gitea.io/gitea/vendor/github.com/urfave/cli/command.go:278 (0x110b23c)
	/go/src/code.gitea.io/gitea/vendor/github.com/urfave/cli/command.go:79 (0x110a540)
	/go/src/code.gitea.io/gitea/vendor/github.com/urfave/cli/app.go:241 (0x1106b77)
	/go/src/code.gitea.io/gitea/main.go:60 (0x154fb05)
	/usr/local/go/src/runtime/proc.go:200 (0x436e2b)
	/usr/local/go/src/runtime/asm_amd64.s:1337 (0x464c60)
	

2019/04/15 12:35:22 ...rivate/repository.go:20:GetRepository() [T] GetRepository: http://localhost:3000/api/internal/repository/2
	/go/src/code.gitea.io/gitea/modules/private/repository.go:20 (0x111cefd)
	/go/src/code.gitea.io/gitea/cmd/hook.go:212 (0x153c308)
	/go/src/code.gitea.io/gitea/vendor/github.com/urfave/cli/app.go:471 (0x1108a2c)
	/go/src/code.gitea.io/gitea/vendor/github.com/urfave/cli/command.go:191 (0x1109b27)
	/go/src/code.gitea.io/gitea/vendor/github.com/urfave/cli/app.go:362 (0x1107804)
	/go/src/code.gitea.io/gitea/vendor/github.com/urfave/cli/command.go:278 (0x110b23c)
	/go/src/code.gitea.io/gitea/vendor/github.com/urfave/cli/command.go:79 (0x110a540)
	/go/src/code.gitea.io/gitea/vendor/github.com/urfave/cli/app.go:241 (0x1106b77)
	/go/src/code.gitea.io/gitea/main.go:60 (0x154fb05)
	/usr/local/go/src/runtime/proc.go:200 (0x436e2b)
	/usr/local/go/src/runtime/asm_amd64.s:1337 (0x464c60)
	

2019/04/15 12:40:20 ...ivate/push_update.go:20:PushUpdate() [T] PushUpdate: http://localhost:3000/api/internal/push/update
	/go/src/code.gitea.io/gitea/modules/private/push_update.go:20 (0x111ca01)
	/go/src/code.gitea.io/gitea/cmd/hook.go:198 (0x153c255)
	/go/src/code.gitea.io/gitea/vendor/github.com/urfave/cli/app.go:471 (0x1108a2c)
	/go/src/code.gitea.io/gitea/vendor/github.com/urfave/cli/command.go:191 (0x1109b27)
	/go/src/code.gitea.io/gitea/vendor/github.com/urfave/cli/app.go:362 (0x1107804)
	/go/src/code.gitea.io/gitea/vendor/github.com/urfave/cli/command.go:278 (0x110b23c)
	/go/src/code.gitea.io/gitea/vendor/github.com/urfave/cli/command.go:79 (0x110a540)
	/go/src/code.gitea.io/gitea/vendor/github.com/urfave/cli/app.go:241 (0x1106b77)
	/go/src/code.gitea.io/gitea/main.go:60 (0x154fb05)
	/usr/local/go/src/runtime/proc.go:200 (0x436e2b)
	/usr/local/go/src/runtime/asm_amd64.s:1337 (0x464c60)
	

2019/04/15 12:40:20 ...rivate/repository.go:20:GetRepository() [T] GetRepository: http://localhost:3000/api/internal/repository/2
	/go/src/code.gitea.io/gitea/modules/private/repository.go:20 (0x111cefd)
	/go/src/code.gitea.io/gitea/cmd/hook.go:212 (0x153c308)
	/go/src/code.gitea.io/gitea/vendor/github.com/urfave/cli/app.go:471 (0x1108a2c)
	/go/src/code.gitea.io/gitea/vendor/github.com/urfave/cli/command.go:191 (0x1109b27)
	/go/src/code.gitea.io/gitea/vendor/github.com/urfave/cli/app.go:362 (0x1107804)
	/go/src/code.gitea.io/gitea/vendor/github.com/urfave/cli/command.go:278 (0x110b23c)
	/go/src/code.gitea.io/gitea/vendor/github.com/urfave/cli/command.go:79 (0x110a540)
	/go/src/code.gitea.io/gitea/vendor/github.com/urfave/cli/app.go:241 (0x1106b77)
	/go/src/code.gitea.io/gitea/main.go:60 (0x154fb05)
	/usr/local/go/src/runtime/proc.go:200 (0x436e2b)
	/usr/local/go/src/runtime/asm_amd64.s:1337 (0x464c60)
	

2019/04/15 12:54:07 ...ivate/push_update.go:20:PushUpdate() [T] PushUpdate: http://localhost:3000/api/internal/push/update
	/go/src/code.gitea.io/gitea/modules/private/push_update.go:20 (0x111ca01)
	/go/src/code.gitea.io/gitea/cmd/hook.go:198 (0x153c255)
	/go/src/code.gitea.io/gitea/vendor/github.com/urfave/cli/app.go:471 (0x1108a2c)
	/go/src/code.gitea.io/gitea/vendor/github.com/urfave/cli/command.go:191 (0x1109b27)
	/go/src/code.gitea.io/gitea/vendor/github.com/urfave/cli/app.go:362 (0x1107804)
	/go/src/code.gitea.io/gitea/vendor/github.com/urfave/cli/command.go:278 (0x110b23c)
	/go/src/code.gitea.io/gitea/vendor/github.com/urfave/cli/command.go:79 (0x110a540)
	/go/src/code.gitea.io/gitea/vendor/github.com/urfave/cli/app.go:241 (0x1106b77)
	/go/src/code.gitea.io/gitea/main.go:60 (0x154fb05)
	/usr/local/go/src/runtime/proc.go:200 (0x436e2b)
	/usr/local/go/src/runtime/asm_amd64.s:1337 (0x464c60)
	

2019/04/15 12:54:08 ...rivate/repository.go:20:GetRepository() [T] GetRepository: http://localhost:3000/api/internal/repository/2
	/go/src/code.gitea.io/gitea/modules/private/repository.go:20 (0x111cefd)
	/go/src/code.gitea.io/gitea/cmd/hook.go:212 (0x153c308)
	/go/src/code.gitea.io/gitea/vendor/github.com/urfave/cli/app.go:471 (0x1108a2c)
	/go/src/code.gitea.io/gitea/vendor/github.com/urfave/cli/command.go:191 (0x1109b27)
	/go/src/code.gitea.io/gitea/vendor/github.com/urfave/cli/app.go:362 (0x1107804)
	/go/src/code.gitea.io/gitea/vendor/github.com/urfave/cli/command.go:278 (0x110b23c)
	/go/src/code.gitea.io/gitea/vendor/github.com/urfave/cli/command.go:79 (0x110a540)
	/go/src/code.gitea.io/gitea/vendor/github.com/urfave/cli/app.go:241 (0x1106b77)
	/go/src/code.gitea.io/gitea/main.go:60 (0x154fb05)
	/usr/local/go/src/runtime/proc.go:200 (0x436e2b)
	/usr/local/go/src/runtime/asm_amd64.s:1337 (0x464c60)
	

2019/04/15 12:54:09 ...ivate/push_update.go:20:PushUpdate() [T] PushUpdate: http://localhost:3000/api/internal/push/update
	/go/src/code.gitea.io/gitea/modules/private/push_update.go:20 (0x111ca01)
	/go/src/code.gitea.io/gitea/cmd/hook.go:198 (0x153c255)
	/go/src/code.gitea.io/gitea/vendor/github.com/urfave/cli/app.go:471 (0x1108a2c)
	/go/src/code.gitea.io/gitea/vendor/github.com/urfave/cli/command.go:191 (0x1109b27)
	/go/src/code.gitea.io/gitea/vendor/github.com/urfave/cli/app.go:362 (0x1107804)
	/go/src/code.gitea.io/gitea/vendor/github.com/urfave/cli/command.go:278 (0x110b23c)
	/go/src/code.gitea.io/gitea/vendor/github.com/urfave/cli/command.go:79 (0x110a540)
	/go/src/code.gitea.io/gitea/vendor/github.com/urfave/cli/app.go:241 (0x1106b77)
	/go/src/code.gitea.io/gitea/main.go:60 (0x154fb05)
	/usr/local/go/src/runtime/proc.go:200 (0x436e2b)
	/usr/local/go/src/runtime/asm_amd64.s:1337 (0x464c60)
	

2019/04/15 12:54:11 ...ivate/push_update.go:20:PushUpdate() [T] PushUpdate: http://localhost:3000/api/internal/push/update
	/go/src/code.gitea.io/gitea/modules/private/push_update.go:20 (0x111ca01)
	/go/src/code.gitea.io/gitea/cmd/hook.go:198 (0x153c255)
	/go/src/code.gitea.io/gitea/vendor/github.com/urfave/cli/app.go:471 (0x1108a2c)
	/go/src/code.gitea.io/gitea/vendor/github.com/urfave/cli/command.go:191 (0x1109b27)
	/go/src/code.gitea.io/gitea/vendor/github.com/urfave/cli/app.go:362 (0x1107804)
	/go/src/code.gitea.io/gitea/vendor/github.com/urfave/cli/command.go:278 (0x110b23c)
	/go/src/code.gitea.io/gitea/vendor/github.com/urfave/cli/command.go:79 (0x110a540)
	/go/src/code.gitea.io/gitea/vendor/github.com/urfave/cli/app.go:241 (0x1106b77)
	/go/src/code.gitea.io/gitea/main.go:60 (0x154fb05)
	/usr/local/go/src/runtime/proc.go:200 (0x436e2b)
	/usr/local/go/src/runtime/asm_amd64.s:1337 (0x464c60)
	

2019/04/15 12:54:12 ...rivate/repository.go:20:GetRepository() [T] GetRepository: http://localhost:3000/api/internal/repository/2
	/go/src/code.gitea.io/gitea/modules/private/repository.go:20 (0x111cefd)
	/go/src/code.gitea.io/gitea/cmd/hook.go:212 (0x153c308)
	/go/src/code.gitea.io/gitea/vendor/github.com/urfave/cli/app.go:471 (0x1108a2c)
	/go/src/code.gitea.io/gitea/vendor/github.com/urfave/cli/command.go:191 (0x1109b27)
	/go/src/code.gitea.io/gitea/vendor/github.com/urfave/cli/app.go:362 (0x1107804)
	/go/src/code.gitea.io/gitea/vendor/github.com/urfave/cli/command.go:278 (0x110b23c)
	/go/src/code.gitea.io/gitea/vendor/github.com/urfave/cli/command.go:79 (0x110a540)
	/go/src/code.gitea.io/gitea/vendor/github.com/urfave/cli/app.go:241 (0x1106b77)
	/go/src/code.gitea.io/gitea/main.go:60 (0x154fb05)
	/usr/local/go/src/runtime/proc.go:200 (0x436e2b)
	/usr/local/go/src/runtime/asm_amd64.s:1337 (0x464c60)
	

2019/04/15 12:54:59 ...ivate/push_update.go:20:PushUpdate() [T] PushUpdate: http://localhost:3000/api/internal/push/update
	/go/src/code.gitea.io/gitea/modules/private/push_update.go:20 (0x111ca01)
	/go/src/code.gitea.io/gitea/cmd/hook.go:198 (0x153c255)
	/go/src/code.gitea.io/gitea/vendor/github.com/urfave/cli/app.go:471 (0x1108a2c)
	/go/src/code.gitea.io/gitea/vendor/github.com/urfave/cli/command.go:191 (0x1109b27)
	/go/src/code.gitea.io/gitea/vendor/github.com/urfave/cli/app.go:362 (0x1107804)
	/go/src/code.gitea.io/gitea/vendor/github.com/urfave/cli/command.go:278 (0x110b23c)
	/go/src/code.gitea.io/gitea/vendor/github.com/urfave/cli/command.go:79 (0x110a540)
	/go/src/code.gitea.io/gitea/vendor/github.com/urfave/cli/app.go:241 (0x1106b77)
	/go/src/code.gitea.io/gitea/main.go:60 (0x154fb05)
	/usr/local/go/src/runtime/proc.go:200 (0x436e2b)
	/usr/local/go/src/runtime/asm_amd64.s:1337 (0x464c60)
	

2019/04/15 12:55:00 ...rivate/repository.go:20:GetRepository() [T] GetRepository: http://localhost:3000/api/internal/repository/2
	/go/src/code.gitea.io/gitea/modules/private/repository.go:20 (0x111cefd)
	/go/src/code.gitea.io/gitea/cmd/hook.go:212 (0x153c308)
	/go/src/code.gitea.io/gitea/vendor/github.com/urfave/cli/app.go:471 (0x1108a2c)
	/go/src/code.gitea.io/gitea/vendor/github.com/urfave/cli/command.go:191 (0x1109b27)
	/go/src/code.gitea.io/gitea/vendor/github.com/urfave/cli/app.go:362 (0x1107804)
	/go/src/code.gitea.io/gitea/vendor/github.com/urfave/cli/command.go:278 (0x110b23c)
	/go/src/code.gitea.io/gitea/vendor/github.com/urfave/cli/command.go:79 (0x110a540)
	/go/src/code.gitea.io/gitea/vendor/github.com/urfave/cli/app.go:241 (0x1106b77)
	/go/src/code.gitea.io/gitea/main.go:60 (0x154fb05)
	/usr/local/go/src/runtime/proc.go:200 (0x436e2b)
	/usr/local/go/src/runtime/asm_amd64.s:1337 (0x464c60)
	

2019/04/15 12:55:34 ...ivate/push_update.go:20:PushUpdate() [T] PushUpdate: http://localhost:3000/api/internal/push/update
	/go/src/code.gitea.io/gitea/modules/private/push_update.go:20 (0x111ca01)
	/go/src/code.gitea.io/gitea/cmd/hook.go:198 (0x153c255)
	/go/src/code.gitea.io/gitea/vendor/github.com/urfave/cli/app.go:471 (0x1108a2c)
	/go/src/code.gitea.io/gitea/vendor/github.com/urfave/cli/command.go:191 (0x1109b27)
	/go/src/code.gitea.io/gitea/vendor/github.com/urfave/cli/app.go:362 (0x1107804)
	/go/src/code.gitea.io/gitea/vendor/github.com/urfave/cli/command.go:278 (0x110b23c)
	/go/src/code.gitea.io/gitea/vendor/github.com/urfave/cli/command.go:79 (0x110a540)
	/go/src/code.gitea.io/gitea/vendor/github.com/urfave/cli/app.go:241 (0x1106b77)
	/go/src/code.gitea.io/gitea/main.go:60 (0x154fb05)
	/usr/local/go/src/runtime/proc.go:200 (0x436e2b)
	/usr/local/go/src/runtime/asm_amd64.s:1337 (0x464c60)
	

2019/04/15 12:55:35 ...rivate/repository.go:20:GetRepository() [T] GetRepository: http://localhost:3000/api/internal/repository/2
	/go/src/code.gitea.io/gitea/modules/private/repository.go:20 (0x111cefd)
	/go/src/code.gitea.io/gitea/cmd/hook.go:212 (0x153c308)
	/go/src/code.gitea.io/gitea/vendor/github.com/urfave/cli/app.go:471 (0x1108a2c)
	/go/src/code.gitea.io/gitea/vendor/github.com/urfave/cli/command.go:191 (0x1109b27)
	/go/src/code.gitea.io/gitea/vendor/github.com/urfave/cli/app.go:362 (0x1107804)
	/go/src/code.gitea.io/gitea/vendor/github.com/urfave/cli/command.go:278 (0x110b23c)
	/go/src/code.gitea.io/gitea/vendor/github.com/urfave/cli/command.go:79 (0x110a540)
	/go/src/code.gitea.io/gitea/vendor/github.com/urfave/cli/app.go:241 (0x1106b77)
	/go/src/code.gitea.io/gitea/main.go:60 (0x154fb05)
	/usr/local/go/src/runtime/proc.go:200 (0x436e2b)
	/usr/local/go/src/runtime/asm_amd64.s:1337 (0x464c60)
	

2019/04/15 12:55:36 ...ivate/push_update.go:20:PushUpdate() [T] PushUpdate: http://localhost:3000/api/internal/push/update
	/go/src/code.gitea.io/gitea/modules/private/push_update.go:20 (0x111ca01)
	/go/src/code.gitea.io/gitea/cmd/hook.go:198 (0x153c255)
	/go/src/code.gitea.io/gitea/vendor/github.com/urfave/cli/app.go:471 (0x1108a2c)
	/go/src/code.gitea.io/gitea/vendor/github.com/urfave/cli/command.go:191 (0x1109b27)
	/go/src/code.gitea.io/gitea/vendor/github.com/urfave/cli/app.go:362 (0x1107804)
	/go/src/code.gitea.io/gitea/vendor/github.com/urfave/cli/command.go:278 (0x110b23c)
	/go/src/code.gitea.io/gitea/vendor/github.com/urfave/cli/command.go:79 (0x110a540)
	/go/src/code.gitea.io/gitea/vendor/github.com/urfave/cli/app.go:241 (0x1106b77)
	/go/src/code.gitea.io/gitea/main.go:60 (0x154fb05)
	/usr/local/go/src/runtime/proc.go:200 (0x436e2b)
	/usr/local/go/src/runtime/asm_amd64.s:1337 (0x464c60)
	

2019/04/15 12:56:21 ...ivate/push_update.go:20:PushUpdate() [T] PushUpdate: http://localhost:3000/api/internal/push/update
	/go/src/code.gitea.io/gitea/modules/private/push_update.go:20 (0x111ca01)
	/go/src/code.gitea.io/gitea/cmd/hook.go:198 (0x153c255)
	/go/src/code.gitea.io/gitea/vendor/github.com/urfave/cli/app.go:471 (0x1108a2c)
	/go/src/code.gitea.io/gitea/vendor/github.com/urfave/cli/command.go:191 (0x1109b27)
	/go/src/code.gitea.io/gitea/vendor/github.com/urfave/cli/app.go:362 (0x1107804)
	/go/src/code.gitea.io/gitea/vendor/github.com/urfave/cli/command.go:278 (0x110b23c)
	/go/src/code.gitea.io/gitea/vendor/github.com/urfave/cli/command.go:79 (0x110a540)
	/go/src/code.gitea.io/gitea/vendor/github.com/urfave/cli/app.go:241 (0x1106b77)
	/go/src/code.gitea.io/gitea/main.go:60 (0x154fb05)
	/usr/local/go/src/runtime/proc.go:200 (0x436e2b)
	/usr/local/go/src/runtime/asm_amd64.s:1337 (0x464c60)
	

2019/04/15 12:56:22 ...rivate/repository.go:20:GetRepository() [T] GetRepository: http://localhost:3000/api/internal/repository/2
	/go/src/code.gitea.io/gitea/modules/private/repository.go:20 (0x111cefd)
	/go/src/code.gitea.io/gitea/cmd/hook.go:212 (0x153c308)
	/go/src/code.gitea.io/gitea/vendor/github.com/urfave/cli/app.go:471 (0x1108a2c)
	/go/src/code.gitea.io/gitea/vendor/github.com/urfave/cli/command.go:191 (0x1109b27)
	/go/src/code.gitea.io/gitea/vendor/github.com/urfave/cli/app.go:362 (0x1107804)
	/go/src/code.gitea.io/gitea/vendor/github.com/urfave/cli/command.go:278 (0x110b23c)
	/go/src/code.gitea.io/gitea/vendor/github.com/urfave/cli/command.go:79 (0x110a540)
	/go/src/code.gitea.io/gitea/vendor/github.com/urfave/cli/app.go:241 (0x1106b77)
	/go/src/code.gitea.io/gitea/main.go:60 (0x154fb05)
	/usr/local/go/src/runtime/proc.go:200 (0x436e2b)
	/usr/local/go/src/runtime/asm_amd64.s:1337 (0x464c60)
	

2019/04/15 12:58:26 ...ivate/push_update.go:20:PushUpdate() [T] PushUpdate: http://localhost:3000/api/internal/push/update
	/go/src/code.gitea.io/gitea/modules/private/push_update.go:20 (0x111ca01)
	/go/src/code.gitea.io/gitea/cmd/hook.go:198 (0x153c255)
	/go/src/code.gitea.io/gitea/vendor/github.com/urfave/cli/app.go:471 (0x1108a2c)
	/go/src/code.gitea.io/gitea/vendor/github.com/urfave/cli/command.go:191 (0x1109b27)
	/go/src/code.gitea.io/gitea/vendor/github.com/urfave/cli/app.go:362 (0x1107804)
	/go/src/code.gitea.io/gitea/vendor/github.com/urfave/cli/command.go:278 (0x110b23c)
	/go/src/code.gitea.io/gitea/vendor/github.com/urfave/cli/command.go:79 (0x110a540)
	/go/src/code.gitea.io/gitea/vendor/github.com/urfave/cli/app.go:241 (0x1106b77)
	/go/src/code.gitea.io/gitea/main.go:60 (0x154fb05)
	/usr/local/go/src/runtime/proc.go:200 (0x436e2b)
	/usr/local/go/src/runtime/asm_amd64.s:1337 (0x464c60)
	

2019/04/15 12:58:27 ...rivate/repository.go:20:GetRepository() [T] GetRepository: http://localhost:3000/api/internal/repository/2
	/go/src/code.gitea.io/gitea/modules/private/repository.go:20 (0x111cefd)
	/go/src/code.gitea.io/gitea/cmd/hook.go:212 (0x153c308)
	/go/src/code.gitea.io/gitea/vendor/github.com/urfave/cli/app.go:471 (0x1108a2c)
	/go/src/code.gitea.io/gitea/vendor/github.com/urfave/cli/command.go:191 (0x1109b27)
	/go/src/code.gitea.io/gitea/vendor/github.com/urfave/cli/app.go:362 (0x1107804)
	/go/src/code.gitea.io/gitea/vendor/github.com/urfave/cli/command.go:278 (0x110b23c)
	/go/src/code.gitea.io/gitea/vendor/github.com/urfave/cli/command.go:79 (0x110a540)
	/go/src/code.gitea.io/gitea/vendor/github.com/urfave/cli/app.go:241 (0x1106b77)
	/go/src/code.gitea.io/gitea/main.go:60 (0x154fb05)
	/usr/local/go/src/runtime/proc.go:200 (0x436e2b)
	/usr/local/go/src/runtime/asm_amd64.s:1337 (0x464c60)
	

2019/04/15 12:58:49 ...ivate/push_update.go:20:PushUpdate() [T] PushUpdate: http://localhost:3000/api/internal/push/update
	/go/src/code.gitea.io/gitea/modules/private/push_update.go:20 (0x111ca01)
	/go/src/code.gitea.io/gitea/cmd/hook.go:198 (0x153c255)
	/go/src/code.gitea.io/gitea/vendor/github.com/urfave/cli/app.go:471 (0x1108a2c)
	/go/src/code.gitea.io/gitea/vendor/github.com/urfave/cli/command.go:191 (0x1109b27)
	/go/src/code.gitea.io/gitea/vendor/github.com/urfave/cli/app.go:362 (0x1107804)
	/go/src/code.gitea.io/gitea/vendor/github.com/urfave/cli/command.go:278 (0x110b23c)
	/go/src/code.gitea.io/gitea/vendor/github.com/urfave/cli/command.go:79 (0x110a540)
	/go/src/code.gitea.io/gitea/vendor/github.com/urfave/cli/app.go:241 (0x1106b77)
	/go/src/code.gitea.io/gitea/main.go:60 (0x154fb05)
	/usr/local/go/src/runtime/proc.go:200 (0x436e2b)
	/usr/local/go/src/runtime/asm_amd64.s:1337 (0x464c60)
	

2019/04/15 12:58:51 ...rivate/repository.go:20:GetRepository() [T] GetRepository: http://localhost:3000/api/internal/repository/2
	/go/src/code.gitea.io/gitea/modules/private/repository.go:20 (0x111cefd)
	/go/src/code.gitea.io/gitea/cmd/hook.go:212 (0x153c308)
	/go/src/code.gitea.io/gitea/vendor/github.com/urfave/cli/app.go:471 (0x1108a2c)
	/go/src/code.gitea.io/gitea/vendor/github.com/urfave/cli/command.go:191 (0x1109b27)
	/go/src/code.gitea.io/gitea/vendor/github.com/urfave/cli/app.go:362 (0x1107804)
	/go/src/code.gitea.io/gitea/vendor/github.com/urfave/cli/command.go:278 (0x110b23c)
	/go/src/code.gitea.io/gitea/vendor/github.com/urfave/cli/command.go:79 (0x110a540)
	/go/src/code.gitea.io/gitea/vendor/github.com/urfave/cli/app.go:241 (0x1106b77)
	/go/src/code.gitea.io/gitea/main.go:60 (0x154fb05)
	/usr/local/go/src/runtime/proc.go:200 (0x436e2b)
	/usr/local/go/src/runtime/asm_amd64.s:1337 (0x464c60)
	

2019/04/15 12:59:15 ...ivate/push_update.go:20:PushUpdate() [T] PushUpdate: http://localhost:3000/api/internal/push/update
	/go/src/code.gitea.io/gitea/modules/private/push_update.go:20 (0x111ca01)
	/go/src/code.gitea.io/gitea/cmd/hook.go:198 (0x153c255)
	/go/src/code.gitea.io/gitea/vendor/github.com/urfave/cli/app.go:471 (0x1108a2c)
	/go/src/code.gitea.io/gitea/vendor/github.com/urfave/cli/command.go:191 (0x1109b27)
	/go/src/code.gitea.io/gitea/vendor/github.com/urfave/cli/app.go:362 (0x1107804)
	/go/src/code.gitea.io/gitea/vendor/github.com/urfave/cli/command.go:278 (0x110b23c)
	/go/src/code.gitea.io/gitea/vendor/github.com/urfave/cli/command.go:79 (0x110a540)
	/go/src/code.gitea.io/gitea/vendor/github.com/urfave/cli/app.go:241 (0x1106b77)
	/go/src/code.gitea.io/gitea/main.go:60 (0x154fb05)
	/usr/local/go/src/runtime/proc.go:200 (0x436e2b)
	/usr/local/go/src/runtime/asm_amd64.s:1337 (0x464c60)
	

2019/04/15 12:59:16 ...rivate/repository.go:20:GetRepository() [T] GetRepository: http://localhost:3000/api/internal/repository/2
	/go/src/code.gitea.io/gitea/modules/private/repository.go:20 (0x111cefd)
	/go/src/code.gitea.io/gitea/cmd/hook.go:212 (0x153c308)
	/go/src/code.gitea.io/gitea/vendor/github.com/urfave/cli/app.go:471 (0x1108a2c)
	/go/src/code.gitea.io/gitea/vendor/github.com/urfave/cli/command.go:191 (0x1109b27)
	/go/src/code.gitea.io/gitea/vendor/github.com/urfave/cli/app.go:362 (0x1107804)
	/go/src/code.gitea.io/gitea/vendor/github.com/urfave/cli/command.go:278 (0x110b23c)
	/go/src/code.gitea.io/gitea/vendor/github.com/urfave/cli/command.go:79 (0x110a540)
	/go/src/code.gitea.io/gitea/vendor/github.com/urfave/cli/app.go:241 (0x1106b77)
	/go/src/code.gitea.io/gitea/main.go:60 (0x154fb05)
	/usr/local/go/src/runtime/proc.go:200 (0x436e2b)
	/usr/local/go/src/runtime/asm_amd64.s:1337 (0x464c60)
	

2019/04/15 12:59:29 ...ivate/push_update.go:20:PushUpdate() [T] PushUpdate: http://localhost:3000/api/internal/push/update
	/go/src/code.gitea.io/gitea/modules/private/push_update.go:20 (0x111ca01)
	/go/src/code.gitea.io/gitea/cmd/hook.go:198 (0x153c255)
	/go/src/code.gitea.io/gitea/vendor/github.com/urfave/cli/app.go:471 (0x1108a2c)
	/go/src/code.gitea.io/gitea/vendor/github.com/urfave/cli/command.go:191 (0x1109b27)
	/go/src/code.gitea.io/gitea/vendor/github.com/urfave/cli/app.go:362 (0x1107804)
	/go/src/code.gitea.io/gitea/vendor/github.com/urfave/cli/command.go:278 (0x110b23c)
	/go/src/code.gitea.io/gitea/vendor/github.com/urfave/cli/command.go:79 (0x110a540)
	/go/src/code.gitea.io/gitea/vendor/github.com/urfave/cli/app.go:241 (0x1106b77)
	/go/src/code.gitea.io/gitea/main.go:60 (0x154fb05)
	/usr/local/go/src/runtime/proc.go:200 (0x436e2b)
	/usr/local/go/src/runtime/asm_amd64.s:1337 (0x464c60)
	

2019/04/15 12:59:31 ...rivate/repository.go:20:GetRepository() [T] GetRepository: http://localhost:3000/api/internal/repository/2
	/go/src/code.gitea.io/gitea/modules/private/repository.go:20 (0x111cefd)
	/go/src/code.gitea.io/gitea/cmd/hook.go:212 (0x153c308)
	/go/src/code.gitea.io/gitea/vendor/github.com/urfave/cli/app.go:471 (0x1108a2c)
	/go/src/code.gitea.io/gitea/vendor/github.com/urfave/cli/command.go:191 (0x1109b27)
	/go/src/code.gitea.io/gitea/vendor/github.com/urfave/cli/app.go:362 (0x1107804)
	/go/src/code.gitea.io/gitea/vendor/github.com/urfave/cli/command.go:278 (0x110b23c)
	/go/src/code.gitea.io/gitea/vendor/github.com/urfave/cli/command.go:79 (0x110a540)
	/go/src/code.gitea.io/gitea/vendor/github.com/urfave/cli/app.go:241 (0x1106b77)
	/go/src/code.gitea.io/gitea/main.go:60 (0x154fb05)
	/usr/local/go/src/runtime/proc.go:200 (0x436e2b)
	/usr/local/go/src/runtime/asm_amd64.s:1337 (0x464c60)
	

2019/04/15 13:00:45 ...ivate/push_update.go:20:PushUpdate() [T] PushUpdate: http://localhost:3000/api/internal/push/update
	/go/src/code.gitea.io/gitea/modules/private/push_update.go:20 (0x111ca01)
	/go/src/code.gitea.io/gitea/cmd/hook.go:198 (0x153c255)
	/go/src/code.gitea.io/gitea/vendor/github.com/urfave/cli/app.go:471 (0x1108a2c)
	/go/src/code.gitea.io/gitea/vendor/github.com/urfave/cli/command.go:191 (0x1109b27)
	/go/src/code.gitea.io/gitea/vendor/github.com/urfave/cli/app.go:362 (0x1107804)
	/go/src/code.gitea.io/gitea/vendor/github.com/urfave/cli/command.go:278 (0x110b23c)
	/go/src/code.gitea.io/gitea/vendor/github.com/urfave/cli/command.go:79 (0x110a540)
	/go/src/code.gitea.io/gitea/vendor/github.com/urfave/cli/app.go:241 (0x1106b77)
	/go/src/code.gitea.io/gitea/main.go:60 (0x154fb05)
	/usr/local/go/src/runtime/proc.go:200 (0x436e2b)
	/usr/local/go/src/runtime/asm_amd64.s:1337 (0x464c60)
	

2019/04/15 13:00:47 ...rivate/repository.go:20:GetRepository() [T] GetRepository: http://localhost:3000/api/internal/repository/2
	/go/src/code.gitea.io/gitea/modules/private/repository.go:20 (0x111cefd)
	/go/src/code.gitea.io/gitea/cmd/hook.go:212 (0x153c308)
	/go/src/code.gitea.io/gitea/vendor/github.com/urfave/cli/app.go:471 (0x1108a2c)
	/go/src/code.gitea.io/gitea/vendor/github.com/urfave/cli/command.go:191 (0x1109b27)
	/go/src/code.gitea.io/gitea/vendor/github.com/urfave/cli/app.go:362 (0x1107804)
	/go/src/code.gitea.io/gitea/vendor/github.com/urfave/cli/command.go:278 (0x110b23c)
	/go/src/code.gitea.io/gitea/vendor/github.com/urfave/cli/command.go:79 (0x110a540)
	/go/src/code.gitea.io/gitea/vendor/github.com/urfave/cli/app.go:241 (0x1106b77)
	/go/src/code.gitea.io/gitea/main.go:60 (0x154fb05)
	/usr/local/go/src/runtime/proc.go:200 (0x436e2b)
	/usr/local/go/src/runtime/asm_amd64.s:1337 (0x464c60)
	

2019/04/15 13:01:28 ...ivate/push_update.go:20:PushUpdate() [T] PushUpdate: http://localhost:3000/api/internal/push/update
	/go/src/code.gitea.io/gitea/modules/private/push_update.go:20 (0x111ca01)
	/go/src/code.gitea.io/gitea/cmd/hook.go:198 (0x153c255)
	/go/src/code.gitea.io/gitea/vendor/github.com/urfave/cli/app.go:471 (0x1108a2c)
	/go/src/code.gitea.io/gitea/vendor/github.com/urfave/cli/command.go:191 (0x1109b27)
	/go/src/code.gitea.io/gitea/vendor/github.com/urfave/cli/app.go:362 (0x1107804)
	/go/src/code.gitea.io/gitea/vendor/github.com/urfave/cli/command.go:278 (0x110b23c)
	/go/src/code.gitea.io/gitea/vendor/github.com/urfave/cli/command.go:79 (0x110a540)
	/go/src/code.gitea.io/gitea/vendor/github.com/urfave/cli/app.go:241 (0x1106b77)
	/go/src/code.gitea.io/gitea/main.go:60 (0x154fb05)
	/usr/local/go/src/runtime/proc.go:200 (0x436e2b)
	/usr/local/go/src/runtime/asm_amd64.s:1337 (0x464c60)
	

2019/04/15 13:01:29 ...rivate/repository.go:20:GetRepository() [T] GetRepository: http://localhost:3000/api/internal/repository/2
	/go/src/code.gitea.io/gitea/modules/private/repository.go:20 (0x111cefd)
	/go/src/code.gitea.io/gitea/cmd/hook.go:212 (0x153c308)
	/go/src/code.gitea.io/gitea/vendor/github.com/urfave/cli/app.go:471 (0x1108a2c)
	/go/src/code.gitea.io/gitea/vendor/github.com/urfave/cli/command.go:191 (0x1109b27)
	/go/src/code.gitea.io/gitea/vendor/github.com/urfave/cli/app.go:362 (0x1107804)
	/go/src/code.gitea.io/gitea/vendor/github.com/urfave/cli/command.go:278 (0x110b23c)
	/go/src/code.gitea.io/gitea/vendor/github.com/urfave/cli/command.go:79 (0x110a540)
	/go/src/code.gitea.io/gitea/vendor/github.com/urfave/cli/app.go:241 (0x1106b77)
	/go/src/code.gitea.io/gitea/main.go:60 (0x154fb05)
	/usr/local/go/src/runtime/proc.go:200 (0x436e2b)
	/usr/local/go/src/runtime/asm_amd64.s:1337 (0x464c60)
	

2019/04/15 13:01:40 ...ivate/push_update.go:20:PushUpdate() [T] PushUpdate: http://localhost:3000/api/internal/push/update
	/go/src/code.gitea.io/gitea/modules/private/push_update.go:20 (0x111ca01)
	/go/src/code.gitea.io/gitea/cmd/hook.go:198 (0x153c255)
	/go/src/code.gitea.io/gitea/vendor/github.com/urfave/cli/app.go:471 (0x1108a2c)
	/go/src/code.gitea.io/gitea/vendor/github.com/urfave/cli/command.go:191 (0x1109b27)
	/go/src/code.gitea.io/gitea/vendor/github.com/urfave/cli/app.go:362 (0x1107804)
	/go/src/code.gitea.io/gitea/vendor/github.com/urfave/cli/command.go:278 (0x110b23c)
	/go/src/code.gitea.io/gitea/vendor/github.com/urfave/cli/command.go:79 (0x110a540)
	/go/src/code.gitea.io/gitea/vendor/github.com/urfave/cli/app.go:241 (0x1106b77)
	/go/src/code.gitea.io/gitea/main.go:60 (0x154fb05)
	/usr/local/go/src/runtime/proc.go:200 (0x436e2b)
	/usr/local/go/src/runtime/asm_amd64.s:1337 (0x464c60)
	

2019/04/15 13:01:42 ...ivate/push_update.go:20:PushUpdate() [T] PushUpdate: http://localhost:3000/api/internal/push/update
	/go/src/code.gitea.io/gitea/modules/private/push_update.go:20 (0x111ca01)
	/go/src/code.gitea.io/gitea/cmd/hook.go:198 (0x153c255)
	/go/src/code.gitea.io/gitea/vendor/github.com/urfave/cli/app.go:471 (0x1108a2c)
	/go/src/code.gitea.io/gitea/vendor/github.com/urfave/cli/command.go:191 (0x1109b27)
	/go/src/code.gitea.io/gitea/vendor/github.com/urfave/cli/app.go:362 (0x1107804)
	/go/src/code.gitea.io/gitea/vendor/github.com/urfave/cli/command.go:278 (0x110b23c)
	/go/src/code.gitea.io/gitea/vendor/github.com/urfave/cli/command.go:79 (0x110a540)
	/go/src/code.gitea.io/gitea/vendor/github.com/urfave/cli/app.go:241 (0x1106b77)
	/go/src/code.gitea.io/gitea/main.go:60 (0x154fb05)
	/usr/local/go/src/runtime/proc.go:200 (0x436e2b)
	/usr/local/go/src/runtime/asm_amd64.s:1337 (0x464c60)
	

2019/04/15 13:01:43 ...ivate/push_update.go:20:PushUpdate() [T] PushUpdate: http://localhost:3000/api/internal/push/update
	/go/src/code.gitea.io/gitea/modules/private/push_update.go:20 (0x111ca01)
	/go/src/code.gitea.io/gitea/cmd/hook.go:198 (0x153c255)
	/go/src/code.gitea.io/gitea/vendor/github.com/urfave/cli/app.go:471 (0x1108a2c)
	/go/src/code.gitea.io/gitea/vendor/github.com/urfave/cli/command.go:191 (0x1109b27)
	/go/src/code.gitea.io/gitea/vendor/github.com/urfave/cli/app.go:362 (0x1107804)
	/go/src/code.gitea.io/gitea/vendor/github.com/urfave/cli/command.go:278 (0x110b23c)
	/go/src/code.gitea.io/gitea/vendor/github.com/urfave/cli/command.go:79 (0x110a540)
	/go/src/code.gitea.io/gitea/vendor/github.com/urfave/cli/app.go:241 (0x1106b77)
	/go/src/code.gitea.io/gitea/main.go:60 (0x154fb05)
	/usr/local/go/src/runtime/proc.go:200 (0x436e2b)
	/usr/local/go/src/runtime/asm_amd64.s:1337 (0x464c60)
	

2019/04/15 13:02:02 ...ivate/push_update.go:20:PushUpdate() [T] PushUpdate: http://localhost:3000/api/internal/push/update
	/go/src/code.gitea.io/gitea/modules/private/push_update.go:20 (0x111ca01)
	/go/src/code.gitea.io/gitea/cmd/hook.go:198 (0x153c255)
	/go/src/code.gitea.io/gitea/vendor/github.com/urfave/cli/app.go:471 (0x1108a2c)
	/go/src/code.gitea.io/gitea/vendor/github.com/urfave/cli/command.go:191 (0x1109b27)
	/go/src/code.gitea.io/gitea/vendor/github.com/urfave/cli/app.go:362 (0x1107804)
	/go/src/code.gitea.io/gitea/vendor/github.com/urfave/cli/command.go:278 (0x110b23c)
	/go/src/code.gitea.io/gitea/vendor/github.com/urfave/cli/command.go:79 (0x110a540)
	/go/src/code.gitea.io/gitea/vendor/github.com/urfave/cli/app.go:241 (0x1106b77)
	/go/src/code.gitea.io/gitea/main.go:60 (0x154fb05)
	/usr/local/go/src/runtime/proc.go:200 (0x436e2b)
	/usr/local/go/src/runtime/asm_amd64.s:1337 (0x464c60)
	

2019/04/15 13:02:03 ...rivate/repository.go:20:GetRepository() [T] GetRepository: http://localhost:3000/api/internal/repository/2
	/go/src/code.gitea.io/gitea/modules/private/repository.go:20 (0x111cefd)
	/go/src/code.gitea.io/gitea/cmd/hook.go:212 (0x153c308)
	/go/src/code.gitea.io/gitea/vendor/github.com/urfave/cli/app.go:471 (0x1108a2c)
	/go/src/code.gitea.io/gitea/vendor/github.com/urfave/cli/command.go:191 (0x1109b27)
	/go/src/code.gitea.io/gitea/vendor/github.com/urfave/cli/app.go:362 (0x1107804)
	/go/src/code.gitea.io/gitea/vendor/github.com/urfave/cli/command.go:278 (0x110b23c)
	/go/src/code.gitea.io/gitea/vendor/github.com/urfave/cli/command.go:79 (0x110a540)
	/go/src/code.gitea.io/gitea/vendor/github.com/urfave/cli/app.go:241 (0x1106b77)
	/go/src/code.gitea.io/gitea/main.go:60 (0x154fb05)
	/usr/local/go/src/runtime/proc.go:200 (0x436e2b)
	/usr/local/go/src/runtime/asm_amd64.s:1337 (0x464c60)
	

2019/04/15 13:02:04 ...ivate/push_update.go:20:PushUpdate() [T] PushUpdate: http://localhost:3000/api/internal/push/update
	/go/src/code.gitea.io/gitea/modules/private/push_update.go:20 (0x111ca01)
	/go/src/code.gitea.io/gitea/cmd/hook.go:198 (0x153c255)
	/go/src/code.gitea.io/gitea/vendor/github.com/urfave/cli/app.go:471 (0x1108a2c)
	/go/src/code.gitea.io/gitea/vendor/github.com/urfave/cli/command.go:191 (0x1109b27)
	/go/src/code.gitea.io/gitea/vendor/github.com/urfave/cli/app.go:362 (0x1107804)
	/go/src/code.gitea.io/gitea/vendor/github.com/urfave/cli/command.go:278 (0x110b23c)
	/go/src/code.gitea.io/gitea/vendor/github.com/urfave/cli/command.go:79 (0x110a540)
	/go/src/code.gitea.io/gitea/vendor/github.com/urfave/cli/app.go:241 (0x1106b77)
	/go/src/code.gitea.io/gitea/main.go:60 (0x154fb05)
	/usr/local/go/src/runtime/proc.go:200 (0x436e2b)
	/usr/local/go/src/runtime/asm_amd64.s:1337 (0x464c60)
	

2019/04/15 13:02:07 ...ivate/push_update.go:20:PushUpdate() [T] PushUpdate: http://localhost:3000/api/internal/push/update
	/go/src/code.gitea.io/gitea/modules/private/push_update.go:20 (0x111ca01)
	/go/src/code.gitea.io/gitea/cmd/hook.go:198 (0x153c255)
	/go/src/code.gitea.io/gitea/vendor/github.com/urfave/cli/app.go:471 (0x1108a2c)
	/go/src/code.gitea.io/gitea/vendor/github.com/urfave/cli/command.go:191 (0x1109b27)
	/go/src/code.gitea.io/gitea/vendor/github.com/urfave/cli/app.go:362 (0x1107804)
	/go/src/code.gitea.io/gitea/vendor/github.com/urfave/cli/command.go:278 (0x110b23c)
	/go/src/code.gitea.io/gitea/vendor/github.com/urfave/cli/command.go:79 (0x110a540)
	/go/src/code.gitea.io/gitea/vendor/github.com/urfave/cli/app.go:241 (0x1106b77)
	/go/src/code.gitea.io/gitea/main.go:60 (0x154fb05)
	/usr/local/go/src/runtime/proc.go:200 (0x436e2b)
	/usr/local/go/src/runtime/asm_amd64.s:1337 (0x464c60)
	

2019/04/15 13:02:08 ...rivate/repository.go:20:GetRepository() [T] GetRepository: http://localhost:3000/api/internal/repository/2
	/go/src/code.gitea.io/gitea/modules/private/repository.go:20 (0x111cefd)
	/go/src/code.gitea.io/gitea/cmd/hook.go:212 (0x153c308)
	/go/src/code.gitea.io/gitea/vendor/github.com/urfave/cli/app.go:471 (0x1108a2c)
	/go/src/code.gitea.io/gitea/vendor/github.com/urfave/cli/command.go:191 (0x1109b27)
	/go/src/code.gitea.io/gitea/vendor/github.com/urfave/cli/app.go:362 (0x1107804)
	/go/src/code.gitea.io/gitea/vendor/github.com/urfave/cli/command.go:278 (0x110b23c)
	/go/src/code.gitea.io/gitea/vendor/github.com/urfave/cli/command.go:79 (0x110a540)
	/go/src/code.gitea.io/gitea/vendor/github.com/urfave/cli/app.go:241 (0x1106b77)
	/go/src/code.gitea.io/gitea/main.go:60 (0x154fb05)
	/usr/local/go/src/runtime/proc.go:200 (0x436e2b)
	/usr/local/go/src/runtime/asm_amd64.s:1337 (0x464c60)
	

2019/04/15 13:04:42 ...ivate/push_update.go:20:PushUpdate() [T] PushUpdate: http://localhost:3000/api/internal/push/update
	/go/src/code.gitea.io/gitea/modules/private/push_update.go:20 (0x111ca01)
	/go/src/code.gitea.io/gitea/cmd/hook.go:198 (0x153c255)
	/go/src/code.gitea.io/gitea/vendor/github.com/urfave/cli/app.go:471 (0x1108a2c)
	/go/src/code.gitea.io/gitea/vendor/github.com/urfave/cli/command.go:191 (0x1109b27)
	/go/src/code.gitea.io/gitea/vendor/github.com/urfave/cli/app.go:362 (0x1107804)
	/go/src/code.gitea.io/gitea/vendor/github.com/urfave/cli/command.go:278 (0x110b23c)
	/go/src/code.gitea.io/gitea/vendor/github.com/urfave/cli/command.go:79 (0x110a540)
	/go/src/code.gitea.io/gitea/vendor/github.com/urfave/cli/app.go:241 (0x1106b77)
	/go/src/code.gitea.io/gitea/main.go:60 (0x154fb05)
	/usr/local/go/src/runtime/proc.go:200 (0x436e2b)
	/usr/local/go/src/runtime/asm_amd64.s:1337 (0x464c60)
	

2019/04/15 13:04:43 ...rivate/repository.go:20:GetRepository() [T] GetRepository: http://localhost:3000/api/internal/repository/2
	/go/src/code.gitea.io/gitea/modules/private/repository.go:20 (0x111cefd)
	/go/src/code.gitea.io/gitea/cmd/hook.go:212 (0x153c308)
	/go/src/code.gitea.io/gitea/vendor/github.com/urfave/cli/app.go:471 (0x1108a2c)
	/go/src/code.gitea.io/gitea/vendor/github.com/urfave/cli/command.go:191 (0x1109b27)
	/go/src/code.gitea.io/gitea/vendor/github.com/urfave/cli/app.go:362 (0x1107804)
	/go/src/code.gitea.io/gitea/vendor/github.com/urfave/cli/command.go:278 (0x110b23c)
	/go/src/code.gitea.io/gitea/vendor/github.com/urfave/cli/command.go:79 (0x110a540)
	/go/src/code.gitea.io/gitea/vendor/github.com/urfave/cli/app.go:241 (0x1106b77)
	/go/src/code.gitea.io/gitea/main.go:60 (0x154fb05)
	/usr/local/go/src/runtime/proc.go:200 (0x436e2b)
	/usr/local/go/src/runtime/asm_amd64.s:1337 (0x464c60)
	

2019/04/15 13:52:59 ...ivate/push_update.go:20:PushUpdate() [T] PushUpdate: http://localhost:3000/api/internal/push/update
	/go/src/code.gitea.io/gitea/modules/private/push_update.go:20 (0x111ca01)
	/go/src/code.gitea.io/gitea/cmd/hook.go:198 (0x153c255)
	/go/src/code.gitea.io/gitea/vendor/github.com/urfave/cli/app.go:471 (0x1108a2c)
	/go/src/code.gitea.io/gitea/vendor/github.com/urfave/cli/command.go:191 (0x1109b27)
	/go/src/code.gitea.io/gitea/vendor/github.com/urfave/cli/app.go:362 (0x1107804)
	/go/src/code.gitea.io/gitea/vendor/github.com/urfave/cli/command.go:278 (0x110b23c)
	/go/src/code.gitea.io/gitea/vendor/github.com/urfave/cli/command.go:79 (0x110a540)
	/go/src/code.gitea.io/gitea/vendor/github.com/urfave/cli/app.go:241 (0x1106b77)
	/go/src/code.gitea.io/gitea/main.go:60 (0x154fb05)
	/usr/local/go/src/runtime/proc.go:200 (0x436e2b)
	/usr/local/go/src/runtime/asm_amd64.s:1337 (0x464c60)
	

2019/04/15 13:53:00 ...rivate/repository.go:20:GetRepository() [T] GetRepository: http://localhost:3000/api/internal/repository/2
	/go/src/code.gitea.io/gitea/modules/private/repository.go:20 (0x111cefd)
	/go/src/code.gitea.io/gitea/cmd/hook.go:212 (0x153c308)
	/go/src/code.gitea.io/gitea/vendor/github.com/urfave/cli/app.go:471 (0x1108a2c)
	/go/src/code.gitea.io/gitea/vendor/github.com/urfave/cli/command.go:191 (0x1109b27)
	/go/src/code.gitea.io/gitea/vendor/github.com/urfave/cli/app.go:362 (0x1107804)
	/go/src/code.gitea.io/gitea/vendor/github.com/urfave/cli/command.go:278 (0x110b23c)
	/go/src/code.gitea.io/gitea/vendor/github.com/urfave/cli/command.go:79 (0x110a540)
	/go/src/code.gitea.io/gitea/vendor/github.com/urfave/cli/app.go:241 (0x1106b77)
	/go/src/code.gitea.io/gitea/main.go:60 (0x154fb05)
	/usr/local/go/src/runtime/proc.go:200 (0x436e2b)
	/usr/local/go/src/runtime/asm_amd64.s:1337 (0x464c60)
	

2019/04/15 13:54:45 ...ivate/push_update.go:20:PushUpdate() [T] PushUpdate: http://localhost:3000/api/internal/push/update
	/go/src/code.gitea.io/gitea/modules/private/push_update.go:20 (0x111ca01)
	/go/src/code.gitea.io/gitea/cmd/hook.go:198 (0x153c255)
	/go/src/code.gitea.io/gitea/vendor/github.com/urfave/cli/app.go:471 (0x1108a2c)
	/go/src/code.gitea.io/gitea/vendor/github.com/urfave/cli/command.go:191 (0x1109b27)
	/go/src/code.gitea.io/gitea/vendor/github.com/urfave/cli/app.go:362 (0x1107804)
	/go/src/code.gitea.io/gitea/vendor/github.com/urfave/cli/command.go:278 (0x110b23c)
	/go/src/code.gitea.io/gitea/vendor/github.com/urfave/cli/command.go:79 (0x110a540)
	/go/src/code.gitea.io/gitea/vendor/github.com/urfave/cli/app.go:241 (0x1106b77)
	/go/src/code.gitea.io/gitea/main.go:60 (0x154fb05)
	/usr/local/go/src/runtime/proc.go:200 (0x436e2b)
	/usr/local/go/src/runtime/asm_amd64.s:1337 (0x464c60)
	

2019/04/15 13:54:46 ...rivate/repository.go:20:GetRepository() [T] GetRepository: http://localhost:3000/api/internal/repository/2
	/go/src/code.gitea.io/gitea/modules/private/repository.go:20 (0x111cefd)
	/go/src/code.gitea.io/gitea/cmd/hook.go:212 (0x153c308)
	/go/src/code.gitea.io/gitea/vendor/github.com/urfave/cli/app.go:471 (0x1108a2c)
	/go/src/code.gitea.io/gitea/vendor/github.com/urfave/cli/command.go:191 (0x1109b27)
	/go/src/code.gitea.io/gitea/vendor/github.com/urfave/cli/app.go:362 (0x1107804)
	/go/src/code.gitea.io/gitea/vendor/github.com/urfave/cli/command.go:278 (0x110b23c)
	/go/src/code.gitea.io/gitea/vendor/github.com/urfave/cli/command.go:79 (0x110a540)
	/go/src/code.gitea.io/gitea/vendor/github.com/urfave/cli/app.go:241 (0x1106b77)
	/go/src/code.gitea.io/gitea/main.go:60 (0x154fb05)
	/usr/local/go/src/runtime/proc.go:200 (0x436e2b)
	/usr/local/go/src/runtime/asm_amd64.s:1337 (0x464c60)
	

2019/04/15 15:10:00 ...ivate/push_update.go:20:PushUpdate() [T] PushUpdate: http://localhost:3000/api/internal/push/update
	/go/src/code.gitea.io/gitea/modules/private/push_update.go:20 (0x111ca01)
	/go/src/code.gitea.io/gitea/cmd/hook.go:198 (0x153c255)
	/go/src/code.gitea.io/gitea/vendor/github.com/urfave/cli/app.go:471 (0x1108a2c)
	/go/src/code.gitea.io/gitea/vendor/github.com/urfave/cli/command.go:191 (0x1109b27)
	/go/src/code.gitea.io/gitea/vendor/github.com/urfave/cli/app.go:362 (0x1107804)
	/go/src/code.gitea.io/gitea/vendor/github.com/urfave/cli/command.go:278 (0x110b23c)
	/go/src/code.gitea.io/gitea/vendor/github.com/urfave/cli/command.go:79 (0x110a540)
	/go/src/code.gitea.io/gitea/vendor/github.com/urfave/cli/app.go:241 (0x1106b77)
	/go/src/code.gitea.io/gitea/main.go:60 (0x154fb05)
	/usr/local/go/src/runtime/proc.go:200 (0x436e2b)
	/usr/local/go/src/runtime/asm_amd64.s:1337 (0x464c60)
	

2019/04/15 15:10:08 ...rivate/repository.go:20:GetRepository() [T] GetRepository: http://localhost:3000/api/internal/repository/2
	/go/src/code.gitea.io/gitea/modules/private/repository.go:20 (0x111cefd)
	/go/src/code.gitea.io/gitea/cmd/hook.go:212 (0x153c308)
	/go/src/code.gitea.io/gitea/vendor/github.com/urfave/cli/app.go:471 (0x1108a2c)
	/go/src/code.gitea.io/gitea/vendor/github.com/urfave/cli/command.go:191 (0x1109b27)
	/go/src/code.gitea.io/gitea/vendor/github.com/urfave/cli/app.go:362 (0x1107804)
	/go/src/code.gitea.io/gitea/vendor/github.com/urfave/cli/command.go:278 (0x110b23c)
	/go/src/code.gitea.io/gitea/vendor/github.com/urfave/cli/command.go:79 (0x110a540)
	/go/src/code.gitea.io/gitea/vendor/github.com/urfave/cli/app.go:241 (0x1106b77)
	/go/src/code.gitea.io/gitea/main.go:60 (0x154fb05)
	/usr/local/go/src/runtime/proc.go:200 (0x436e2b)
	/usr/local/go/src/runtime/asm_amd64.s:1337 (0x464c60)
	

2019/04/15 15:11:47 ...ivate/push_update.go:20:PushUpdate() [T] PushUpdate: http://localhost:3000/api/internal/push/update
	/go/src/code.gitea.io/gitea/modules/private/push_update.go:20 (0x111ca01)
	/go/src/code.gitea.io/gitea/cmd/hook.go:198 (0x153c255)
	/go/src/code.gitea.io/gitea/vendor/github.com/urfave/cli/app.go:471 (0x1108a2c)
	/go/src/code.gitea.io/gitea/vendor/github.com/urfave/cli/command.go:191 (0x1109b27)
	/go/src/code.gitea.io/gitea/vendor/github.com/urfave/cli/app.go:362 (0x1107804)
	/go/src/code.gitea.io/gitea/vendor/github.com/urfave/cli/command.go:278 (0x110b23c)
	/go/src/code.gitea.io/gitea/vendor/github.com/urfave/cli/command.go:79 (0x110a540)
	/go/src/code.gitea.io/gitea/vendor/github.com/urfave/cli/app.go:241 (0x1106b77)
	/go/src/code.gitea.io/gitea/main.go:60 (0x154fb05)
	/usr/local/go/src/runtime/proc.go:200 (0x436e2b)
	/usr/local/go/src/runtime/asm_amd64.s:1337 (0x464c60)
	

2019/04/15 15:11:48 ...rivate/repository.go:20:GetRepository() [T] GetRepository: http://localhost:3000/api/internal/repository/2
	/go/src/code.gitea.io/gitea/modules/private/repository.go:20 (0x111cefd)
	/go/src/code.gitea.io/gitea/cmd/hook.go:212 (0x153c308)
	/go/src/code.gitea.io/gitea/vendor/github.com/urfave/cli/app.go:471 (0x1108a2c)
	/go/src/code.gitea.io/gitea/vendor/github.com/urfave/cli/command.go:191 (0x1109b27)
	/go/src/code.gitea.io/gitea/vendor/github.com/urfave/cli/app.go:362 (0x1107804)
	/go/src/code.gitea.io/gitea/vendor/github.com/urfave/cli/command.go:278 (0x110b23c)
	/go/src/code.gitea.io/gitea/vendor/github.com/urfave/cli/command.go:79 (0x110a540)
	/go/src/code.gitea.io/gitea/vendor/github.com/urfave/cli/app.go:241 (0x1106b77)
	/go/src/code.gitea.io/gitea/main.go:60 (0x154fb05)
	/usr/local/go/src/runtime/proc.go:200 (0x436e2b)
	/usr/local/go/src/runtime/asm_amd64.s:1337 (0x464c60)
	

